Determining if the function sgemm_ exists failed with the following output:
Change Dir: /home/parallels/Desktop/CSC656/vmmul-omp-harness-instructional/build/CMakeFiles/CMakeTmp

Run Build Command(s):/usr/bin/gmake -f Makefile cmTC_23002/fast && /usr/bin/gmake  -f CMakeFiles/cmTC_23002.dir/build.make CMakeFiles/cmTC_23002.dir/build
gmake[1]: Entering directory '/home/parallels/Desktop/CSC656/vmmul-omp-harness-instructional/build/CMakeFiles/CMakeTmp'
Building C object CMakeFiles/cmTC_23002.dir/CheckFunctionExists.c.o
/usr/bin/cc   -DCHECK_FUNCTION_EXISTS=sgemm_ -o CMakeFiles/cmTC_23002.dir/CheckFunctionExists.c.o -c /usr/share/cmake-3.22/Modules/CheckFunctionExists.c
Linking C executable cmTC_23002
/usr/bin/cmake -E cmake_link_script CMakeFiles/cmTC_23002.dir/link.txt --verbose=1
/usr/bin/cc  -DCHECK_FUNCTION_EXISTS=sgemm_ CMakeFiles/cmTC_23002.dir/CheckFunctionExists.c.o -o cmTC_23002 
/usr/bin/ld: CMakeFiles/cmTC_23002.dir/CheckFunctionExists.c.o: in function `main':
CheckFunctionExists.c:(.text+0x10): undefined reference to `sgemm_'
collect2: error: ld returned 1 exit status
gmake[1]: *** [CMakeFiles/cmTC_23002.dir/build.make:99: cmTC_23002] Error 1
gmake[1]: Leaving directory '/home/parallels/Desktop/CSC656/vmmul-omp-harness-instructional/build/CMakeFiles/CMakeTmp'
gmake: *** [Makefile:127: cmTC_23002/fast] Error 2



Determining if the function sgemm_ exists failed with the following output:
Change Dir: /home/parallels/Desktop/CSC656/vmmul-omp-harness-instructional/build/CMakeFiles/CMakeTmp

Run Build Command(s):/usr/bin/gmake -f Makefile cmTC_74c00/fast && /usr/bin/gmake  -f CMakeFiles/cmTC_74c00.dir/build.make CMakeFiles/cmTC_74c00.dir/build
gmake[1]: Entering directory '/home/parallels/Desktop/CSC656/vmmul-omp-harness-instructional/build/CMakeFiles/CMakeTmp'
Building C object CMakeFiles/cmTC_74c00.dir/CheckFunctionExists.c.o
/usr/bin/cc   -DCHECK_FUNCTION_EXISTS=sgemm_ -o CMakeFiles/cmTC_74c00.dir/CheckFunctionExists.c.o -c /usr/share/cmake-3.22/Modules/CheckFunctionExists.c
Linking C executable cmTC_74c00
/usr/bin/cmake -E cmake_link_script CMakeFiles/cmTC_74c00.dir/link.txt --verbose=1
/usr/bin/cc  -DCHECK_FUNCTION_EXISTS=sgemm_ CMakeFiles/cmTC_74c00.dir/CheckFunctionExists.c.o -o cmTC_74c00 
/usr/bin/ld: CMakeFiles/cmTC_74c00.dir/CheckFunctionExists.c.o: in function `main':
CheckFunctionExists.c:(.text+0x10): undefined reference to `sgemm_'
collect2: error: ld returned 1 exit status
gmake[1]: *** [CMakeFiles/cmTC_74c00.dir/build.make:99: cmTC_74c00] Error 1
gmake[1]: Leaving directory '/home/parallels/Desktop/CSC656/vmmul-omp-harness-instructional/build/CMakeFiles/CMakeTmp'
gmake: *** [Makefile:127: cmTC_74c00/fast] Error 2



Determining if the function sgemm_ exists failed with the following output:
Change Dir: /home/parallels/Desktop/CSC656/vmmul-omp-harness-instructional/build/CMakeFiles/CMakeTmp

Run Build Command(s):/usr/bin/gmake -f Makefile cmTC_f533e/fast && /usr/bin/gmake  -f CMakeFiles/cmTC_f533e.dir/build.make CMakeFiles/cmTC_f533e.dir/build
gmake[1]: Entering directory '/home/parallels/Desktop/CSC656/vmmul-omp-harness-instructional/build/CMakeFiles/CMakeTmp'
Building C object CMakeFiles/cmTC_f533e.dir/CheckFunctionExists.c.o
/usr/bin/cc   -DCHECK_FUNCTION_EXISTS=sgemm_ -o CMakeFiles/cmTC_f533e.dir/CheckFunctionExists.c.o -c /usr/share/cmake-3.22/Modules/CheckFunctionExists.c
Linking C executable cmTC_f533e
/usr/bin/cmake -E cmake_link_script CMakeFiles/cmTC_f533e.dir/link.txt --verbose=1
/usr/bin/cc  -DCHECK_FUNCTION_EXISTS=sgemm_ CMakeFiles/cmTC_f533e.dir/CheckFunctionExists.c.o -o cmTC_f533e 
/usr/bin/ld: CMakeFiles/cmTC_f533e.dir/CheckFunctionExists.c.o: in function `main':
CheckFunctionExists.c:(.text+0x10): undefined reference to `sgemm_'
collect2: error: ld returned 1 exit status
gmake[1]: *** [CMakeFiles/cmTC_f533e.dir/build.make:99: cmTC_f533e] Error 1
gmake[1]: Leaving directory '/home/parallels/Desktop/CSC656/vmmul-omp-harness-instructional/build/CMakeFiles/CMakeTmp'
gmake: *** [Makefile:127: cmTC_f533e/fast] Error 2



